
========================================
AutoResearch Iteration 1
Sun Apr  5 04:22:02 AM PDT 2026
========================================
**Iteration 1 complete. Result: F1@10m = 0.4876 (was 0.3348, +45.6% improvement)**

Key stats:
| Metric | Before | After |
|--------|--------|-------|
| F1@10m | 0.335 | **0.488** |
| Precision | 21.0% | **36.5%** |
| Recall | 81.9% | 73.4% |
| FP | 289 | **120** |
| TP | 77 | 69 |

The single change — raising `SAM3_THRESHOLD` from 0.10 to 0.20 — cut false positives by 58% while only losing 8 true positives. This suggests many FPs had low confidence scores. Further threshold tuning (0.25? 0.30?) or combining with score-based filtering could push F1 higher.
Iteration 1 complete

========================================
AutoResearch Iteration 2
Sun Apr  5 04:29:05 AM PDT 2026
========================================
**Iteration 2 complete. F1@10m improved: 0.4876 → 0.5182 (+6.3%)**

Summary:
- **Change**: SAM3 confidence threshold 0.20 → 0.30
- **Result**: Precision 36.5% → 45.2%, Recall 73.4% → 60.6%
- FPs cut nearly in half (120 → 69), lost 12 TPs (69 → 57)
- Threshold tuning continues to be the highest-leverage knob, but recall is getting thin at 60.6% — next iteration should consider approaches that recover recall (multi-view consensus, prompt engineering, or ensemble) rather than pushing threshold higher.
Iteration 2 complete

========================================
AutoResearch Iteration 3
Sun Apr  5 04:35:34 AM PDT 2026
========================================
